Current time: 2014-03-01 19:38:17.754466 UTC
ghc-7.4.1 ["--version"] succeeded with exit code 0
Standard output:
The Glorious Glasgow Haskell Compilation System, version 7.4.1

Standard error:
<empty>

ghc-pkg-7.4.1 ["--version"] succeeded with exit code 0
Standard output:
GHC package manager version 7.4.1

Standard error:
<empty>

cabal ["--version"] succeeded with exit code 0
Standard output:
cabal-install version 1.18.0.2
using version 1.18.1.2 of the Cabal library 

Standard error:
<empty>

ghc-7.4.1 ["--make","-outputdir","/home/massysett/prednote/sunlight-13624","-o","/home/massysett/prednote/sunlight-13624/Setup","Setup.hs"] succeeded with exit code 0
Standard output:
[1 of 1] Compiling Main             ( Setup.hs, /home/massysett/prednote/sunlight-13624/Main.o )
Linking /home/massysett/prednote/sunlight-13624/Setup ...

Standard error:
<empty>

/home/massysett/prednote/sunlight-13624/Setup ["sdist","--output-directory=/home/massysett/prednote/sunlight-13624/distDeps"] succeeded with exit code 0
Standard output:
Building source dist for prednote-0.20.0.0...
Source directory created: /home/massysett/prednote/sunlight-13624/distDeps

Standard error:
Warning: Cannot run preprocessors. Run 'configure' command first.

/home/massysett/prednote/sunlight-13624/Setup ["sdist","--output-directory=/home/massysett/prednote/sunlight-13624/distPkg"] succeeded with exit code 0
Standard output:
Building source dist for prednote-0.20.0.0...
Source directory created: /home/massysett/prednote/sunlight-13624/distPkg

Standard error:
Warning: Cannot run preprocessors. Run 'configure' command first.

ghc-pkg-7.4.1 ["init","/home/massysett/prednote/sunlight-13624/db"] succeeded with exit code 0
Standard output:
<empty>

Standard error:
<empty>

cabal ["install","--verbose=2","--with-compiler=ghc-7.4.1","--with-hc-pkg=ghc-pkg-7.4.1","--prefix=/home/massysett/prednote/sunlight-13624/prefix","--disable-library-profiling","--disable-executable-profiling","--package-db=clear","--package-db=global","--package-db=/home/massysett/prednote/sunlight-13624/db","--enable-tests","--disable-documentation","--only-dependencies","--constraint=base==4.5.0.0","--constraint=contravariant==0.1.0","--constraint=rainbow==0.6.0.4","--constraint=split==0.2.2","--constraint=text==0.11.2.0","--constraint=base==4.5.0.0","--constraint=contravariant==0.1.0","--constraint=QuickCheck==2.6","--constraint=rainbow==0.6.0.4","--constraint=text==0.11.2.0"] FAILED with exit code 1
Standard output:
Reading available packages...
Choosing modular solver.
Resolving dependencies...

Standard error:
cabal: Could not resolve dependencies:
trying: prednote-0.20.0.0 (user goal)
trying: base-4.5.0.0/installed-6db... (dependency of prednote-0.20.0.0)
next goal: contravariant (dependency of prednote-0.20.0.0)
rejecting: contravariant-0.4.4, 0.4.3, 0.4.1, 0.4, 0.3, 0.2.0.2, 0.2.0.1, 0.2,
0.1.3, 0.1.2.1, 0.1.2, 0.1.1, 0.1.0.1 (global constraint requires ==0.1.0)
rejecting: contravariant-0.1.0 (conflict: base==4.5.0.0/installed-6db...,
contravariant => base<4.5)
Dependency tree exhaustively searched.

ghc-pkg-7.4.1 ["list","--global","--package-conf=/home/massysett/prednote/sunlight-13624/db"] succeeded with exit code 0
Standard output:
/opt/ghc/7.4.1/lib/ghc-7.4.1/package.conf.d:
    Cabal-1.14.0
    array-0.4.0.0
    base-4.5.0.0
    bin-package-db-0.0.0.0
    binary-0.5.1.0
    bytestring-0.9.2.1
    containers-0.4.2.1
    deepseq-1.3.0.0
    directory-1.1.0.2
    extensible-exceptions-0.1.1.4
    filepath-1.3.0.0
    (ghc-7.4.1)
    ghc-prim-0.2.0.0
    (haskell2010-1.1.0.1)
    (haskell98-2.0.0.1)
    hoopl-3.8.7.3
    hpc-0.5.1.1
    integer-gmp-0.4.0.0
    old-locale-1.0.0.4
    old-time-1.1.0.0
    pretty-1.1.1.0
    process-1.1.0.1
    rts-1.0
    template-haskell-2.7.0.0
    time-1.4
    unix-2.5.1.0

/home/massysett/prednote/sunlight-13624/db:


Standard error:
<empty>

ghc ["--make","Setup.hs"] succeeded with exit code 0
Standard output:
[1 of 1] Compiling Main             ( Setup.hs, Setup.o )
Linking Setup ...

Standard error:
<empty>

./Setup ["configure","--verbose=2","--with-compiler=ghc-7.4.1","--with-hc-pkg=ghc-pkg-7.4.1","--prefix=/home/massysett/prednote/sunlight-13624/prefix","--package-db=clear","--package-db=global","--package-db=/home/massysett/prednote/sunlight-13624/db","--enable-tests"] FAILED with exit code 1
Standard output:
Configuring prednote-0.20.0.0...

Standard error:
Setup: At least the following dependencies are missing:
QuickCheck >=2.6,
contravariant >=0.1.0,
rainbow >=0.6.0.4,
split >=0.2.2,
text >=0.11.2.0

./Setup ["build","--verbose=2"] FAILED with exit code 1
Standard output:
<empty>

Standard error:
Setup: Run the 'configure' command first.

./Setup ["install","--verbose=2"] FAILED with exit code 1
Standard output:
<empty>

Standard error:
Setup: Run the 'configure' command first.

ghc-pkg-7.4.1 ["list","--global","--package-conf=/home/massysett/prednote/sunlight-13624/db"] succeeded with exit code 0
Standard output:
/opt/ghc/7.4.1/lib/ghc-7.4.1/package.conf.d:
    Cabal-1.14.0
    array-0.4.0.0
    base-4.5.0.0
    bin-package-db-0.0.0.0
    binary-0.5.1.0
    bytestring-0.9.2.1
    containers-0.4.2.1
    deepseq-1.3.0.0
    directory-1.1.0.2
    extensible-exceptions-0.1.1.4
    filepath-1.3.0.0
    (ghc-7.4.1)
    ghc-prim-0.2.0.0
    (haskell2010-1.1.0.1)
    (haskell98-2.0.0.1)
    hoopl-3.8.7.3
    hpc-0.5.1.1
    integer-gmp-0.4.0.0
    old-locale-1.0.0.4
    old-time-1.1.0.0
    pretty-1.1.1.0
    process-1.1.0.1
    rts-1.0
    template-haskell-2.7.0.0
    time-1.4
    unix-2.5.1.0

/home/massysett/prednote/sunlight-13624/db:


Standard error:
<empty>

dist/build/prednote-test/prednote-test [] FAILED with exit code 127
Standard output:
<empty>

Standard error:
<empty>

